2025-24-51 21 INFO  [http-nio-8080-exec-5] com.enotes.aspect.LoggingAspect - Calling :: JwtServiceImpl :: extractUsername()
2025-24-51 21 INFO  [http-nio-8080-exec-5] com.enotes.aspect.LoggingAspect - Exceution End :: JwtServiceImpl :: extractUsername() ::5 ms
2025-24-51 21 INFO  [http-nio-8080-exec-5] com.enotes.aspect.LoggingAspect - Calling :: JwtServiceImpl :: validateToken()
2025-24-51 21 INFO  [http-nio-8080-exec-5] com.enotes.aspect.LoggingAspect - Exceution End :: JwtServiceImpl :: validateToken() ::6 ms
2025-24-51 21 INFO  [http-nio-8080-exec-5] com.enotes.aspect.LoggingAspect - Calling :: CategoryController :: getAllCategory()
2025-24-51 21 INFO  [http-nio-8080-exec-5] com.enotes.aspect.LoggingAspect - Calling :: categoryServiceImpl :: getcategory()
2025-24-51 21 INFO  [http-nio-8080-exec-5] com.enotes.aspect.LoggingAspect - Exceution End :: categoryServiceImpl :: getcategory() ::18 ms
2025-24-51 21 INFO  [http-nio-8080-exec-5] com.enotes.aspect.LoggingAspect - Exceution End :: CategoryController :: getAllCategory() ::33 ms
2025-24-51 21 INFO  [http-nio-8080-exec-2] com.enotes.aspect.LoggingAspect - Calling :: JwtServiceImpl :: extractUsername()
2025-24-51 21 INFO  [http-nio-8080-exec-2] com.enotes.aspect.LoggingAspect - Exceution End :: JwtServiceImpl :: extractUsername() ::1 ms
2025-24-51 21 INFO  [http-nio-8080-exec-2] com.enotes.aspect.LoggingAspect - Calling :: JwtServiceImpl :: validateToken()
2025-24-51 21 INFO  [http-nio-8080-exec-2] com.enotes.aspect.LoggingAspect - Exceution End :: JwtServiceImpl :: validateToken() ::2 ms
2025-24-51 21 INFO  [http-nio-8080-exec-2] com.enotes.aspect.LoggingAspect - Calling :: CategoryController :: getAllCategory()
2025-24-51 21 INFO  [http-nio-8080-exec-2] com.enotes.aspect.LoggingAspect - Exceution End :: CategoryController :: getAllCategory() ::0 ms
2025-24-51 21 INFO  [http-nio-8080-exec-6] com.enotes.aspect.LoggingAspect - Calling :: JwtServiceImpl :: extractUsername()
2025-24-51 21 INFO  [http-nio-8080-exec-6] com.enotes.aspect.LoggingAspect - Exceution End :: JwtServiceImpl :: extractUsername() ::3 ms
2025-24-51 21 INFO  [http-nio-8080-exec-6] com.enotes.aspect.LoggingAspect - Calling :: JwtServiceImpl :: validateToken()
2025-24-51 21 INFO  [http-nio-8080-exec-6] com.enotes.aspect.LoggingAspect - Exceution End :: JwtServiceImpl :: validateToken() ::2 ms
2025-24-51 21 INFO  [http-nio-8080-exec-6] com.enotes.aspect.LoggingAspect - Calling :: cacheController :: getAllCache()
2025-24-51 21 INFO  [http-nio-8080-exec-6] com.enotes.aspect.LoggingAspect - Calling :: CacheManagerServiceImpl :: getCache()
2025-24-51 21 INFO  [http-nio-8080-exec-6] c.e.s.CacheManagerServiceImpl - Cache Name=org.springframework.cache.concurrent.ConcurrentMapCache@128faa93
2025-24-51 21 INFO  [http-nio-8080-exec-6] com.enotes.aspect.LoggingAspect - Exceution End :: CacheManagerServiceImpl :: getCache() ::1 ms
2025-24-51 21 INFO  [http-nio-8080-exec-6] com.enotes.aspect.LoggingAspect - Exceution End :: cacheController :: getAllCache() ::2 ms
